<?xml version="1.0" encoding="UTF-8"?>
<testng-results ignored="0" total="1" passed="1" failed="0" skipped="0">
  <reporter-output>
  </reporter-output>
  <suite started-at="2025-08-29T08:02:05 IST" name="Default suite" finished-at="2025-08-29T08:03:27 IST" duration-ms="82079">
    <groups>
    </groups>
    <test started-at="2025-08-29T08:02:05 IST" name="Default test" finished-at="2025-08-29T08:03:27 IST" duration-ms="82079">
      <class name="com.example.project.App.AppTest">
        <test-method is-config="true" signature="setUp()[pri:0, instance:com.example.project.App.AppTest@70ed52de]" started-at="2025-08-29T08:02:05 IST" name="setUp" finished-at="2025-08-29T08:02:19 IST" duration-ms="13627" status="PASS">
          <reporter-output>
          </reporter-output>
        </test-method> <!-- setUp -->
        <test-method signature="testCase1_Login()[pri:0, instance:com.example.project.App.AppTest@70ed52de]" started-at="2025-08-29T08:02:19 IST" name="testCase1_Login" finished-at="2025-08-29T08:03:27 IST" duration-ms="68219" status="PASS">
          <reporter-output>
          </reporter-output>
        </test-method> <!-- testCase1_Login -->
        <test-method is-config="true" signature="tearDown()[pri:0, instance:com.example.project.App.AppTest@70ed52de]" started-at="2025-08-29T08:03:27 IST" name="tearDown" finished-at="2025-08-29T08:03:27 IST" duration-ms="85" status="PASS">
          <reporter-output>
          </reporter-output>
        </test-method> <!-- tearDown -->
      </class> <!-- com.example.project.App.AppTest -->
    </test> <!-- Default test -->
  </suite> <!-- Default suite -->
</testng-results>
