<?xml version="1.0" encoding="UTF-8"?>
<testng-results ignored="0" total="1" passed="1" failed="0" skipped="0">
  <reporter-output>
  </reporter-output>
  <suite started-at="2025-08-26T08:30:58 IST" name="Default suite" finished-at="2025-08-26T08:31:11 IST" duration-ms="13241">
    <groups>
    </groups>
    <test started-at="2025-08-26T08:30:58 IST" name="Default test" finished-at="2025-08-26T08:31:11 IST" duration-ms="13241">
      <class name="com.example.project.App.AppTest">
        <test-method is-config="true" signature="setUp()[pri:0, instance:com.example.project.App.AppTest@231f98ef]" started-at="2025-08-26T08:30:58 IST" name="setUp" finished-at="2025-08-26T08:31:09 IST" duration-ms="10445" status="PASS">
          <reporter-output>
          </reporter-output>
        </test-method> <!-- setUp -->
        <test-method signature="testCase1_Login()[pri:0, instance:com.example.project.App.AppTest@231f98ef]" started-at="2025-08-26T08:31:09 IST" name="testCase1_Login" finished-at="2025-08-26T08:31:11 IST" duration-ms="2548" status="PASS">
          <reporter-output>
          </reporter-output>
        </test-method> <!-- testCase1_Login -->
        <test-method is-config="true" signature="tearDown()[pri:0, instance:com.example.project.App.AppTest@231f98ef]" started-at="2025-08-26T08:31:11 IST" name="tearDown" finished-at="2025-08-26T08:31:11 IST" duration-ms="131" status="PASS">
          <reporter-output>
          </reporter-output>
        </test-method> <!-- tearDown -->
      </class> <!-- com.example.project.App.AppTest -->
    </test> <!-- Default test -->
  </suite> <!-- Default suite -->
</testng-results>
